<?xml version="1.0" encoding="UTF-8"?>
<!-- Generated by org.testng.reporters.JUnitReportReporter -->
<testsuite skipped="0" hostname="DESKTOP-96F67H7" name="co.testNg.programe.TestNGteting" tests="1" failures="0" timestamp="10 Jun 2018 18:54:41 GMT" time="9.257" errors="0">
  <testcase name="invokebrowser" time="9.257" classname="co.testNg.programe.TestNGteting"/>
</testsuite> <!-- co.testNg.programe.TestNGteting -->
