<?xml version="1.0" encoding="UTF-8"?>
<!-- Generated by org.testng.reporters.JUnitReportReporter -->
<testsuite skipped="0" hostname="DESKTOP-96F67H7" name="co.testNg.programe.First_TestNG_Programe" tests="1" failures="0" timestamp="10 Jun 2018 15:58:20 GMT" time="0.015" errors="0">
  <testcase name="loginmethod" time="0.015" classname="co.testNg.programe.First_TestNG_Programe"/>
</testsuite> <!-- co.testNg.programe.First_TestNG_Programe -->
